<?xml version="1.0" encoding="UTF-8"?>
<testng-results ignored="0" total="1" passed="0" failed="1" skipped="0">
  <reporter-output>
  </reporter-output>
  <suite started-at="2023-05-08T17:31:45 IST" name="NS Web Suite" finished-at="2023-05-08T17:34:37 IST" duration-ms="171869">
    <groups>
      <group name="cucumber">
        <method signature="AbstractTestNGCucumberTests.runScenario(io.cucumber.testng.PickleWrapper,io.cucumber.testng.FeatureWrapper)[pri:0, instance:com.example.TestRunner.TestngTestRunnerTest@909217e]" name="runScenario" class="io.cucumber.testng.AbstractTestNGCucumberTests"/>
      </group> <!-- cucumber -->
    </groups>
    <test started-at="2023-05-08T17:31:45 IST" name="RegressionSuite" finished-at="2023-05-08T17:34:37 IST" duration-ms="171869">
      <class name="com.example.TestRunner.TestngTestRunnerTest">
        <test-method is-config="true" signature="setUpClass(org.testng.ITestContext)[pri:0, instance:com.example.TestRunner.TestngTestRunnerTest@909217e]" started-at="2023-05-08T17:31:45 IST" name="setUpClass" finished-at="2023-05-08T17:31:46 IST" duration-ms="1597" status="PASS">
          <params>
            <param index="0">
              <value>
                <![CDATA[org.testng.TestRunner@2ec156fb]]>
              </value>
            </param>
          </params>
          <reporter-output>
          </reporter-output>
        </test-method> <!-- setUpClass -->
        <test-method signature="runScenario(io.cucumber.testng.PickleWrapper,io.cucumber.testng.FeatureWrapper)[pri:0, instance:com.example.TestRunner.TestngTestRunnerTest@909217e]" started-at="2023-05-08T17:31:46 IST" name="runScenario" description="Runs Cucumber Scenarios" data-provider="scenarios" finished-at="2023-05-08T17:34:36 IST" duration-ms="169763" status="FAIL">
          <params>
            <param index="0">
              <value>
                <![CDATA["Verify Coupon in the cart"]]>
              </value>
            </param>
            <param index="1">
              <value>
                <![CDATA["Optional[Verify Add To Cart Flow With Pay On Delivery Option with Nirog Moeny and Coupon verfication in the cart]"]]>
              </value>
            </param>
          </params>
          <exception class="java.lang.AssertionError">
            <message>
              <![CDATA[expected [The applied coupon is only valid for a minimum value of 500 for brand(s) 1Veda.] but found [Coupon Applied]]]>
            </message>
            <full-stacktrace>
              <![CDATA[java.lang.AssertionError: expected [The applied coupon is only valid for a minimum value of 500 for brand(s) 1Veda.] but found [Coupon Applied]
at org.testng.Assert.fail(Assert.java:99)
at org.testng.Assert.failNotEquals(Assert.java:1037)
at org.testng.Assert.assertEqualsImpl(Assert.java:140)
at org.testng.Assert.assertEquals(Assert.java:122)
at org.testng.Assert.assertEquals(Assert.java:629)
at org.testng.Assert.assertEquals(Assert.java:639)
at com.example.Utilities.GenericUtils.verifyText(GenericUtils.java:711)
at com.example.PageObjects.AddToCart.VerifyCouponInvaliMessage(AddToCart.java:480)
at com.example.StepDefinitions.EcomSteps.user_search_coupon_as_and_click_on_apply_coupon_and_verify_coupon_message_as(EcomSteps.java:194)
at âœ½.User search coupon as AUTOMATIONCOUPON and click on apply coupon and verify coupon message as The applied coupon is only valid for a minimum value of 500 for brand(s) 1Veda.(classpath:feature/04Ecom.feature:127)
]]>
            </full-stacktrace>
          </exception> <!-- java.lang.AssertionError -->
          <reporter-output>
          </reporter-output>
        </test-method> <!-- runScenario -->
        <test-method is-config="true" signature="tearDownClass()[pri:0, instance:com.example.TestRunner.TestngTestRunnerTest@909217e]" started-at="2023-05-08T17:34:36 IST" name="tearDownClass" finished-at="2023-05-08T17:34:37 IST" duration-ms="469" status="PASS">
          <reporter-output>
          </reporter-output>
        </test-method> <!-- tearDownClass -->
      </class> <!-- com.example.TestRunner.TestngTestRunnerTest -->
    </test> <!-- RegressionSuite -->
  </suite> <!-- NS Web Suite -->
</testng-results>
