<html>
<head>
<title>TestNG:  RegressionSuite</title>
<link href="../testng.css" rel="stylesheet" type="text/css" />
<link href="../my-testng.css" rel="stylesheet" type="text/css" />

<style type="text/css">
.log { display: none;} 
.stack-trace { display: none;} 
</style>
<script type="text/javascript">
<!--
function flip(e) {
  current = e.style.display;
  if (current == 'block') {
    e.style.display = 'none';
    return 0;
  }
  else {
    e.style.display = 'block';
    return 1;
  }
}

function toggleBox(szDivId, elem, msg1, msg2)
{
  var res = -1;  if (document.getElementById) {
    res = flip(document.getElementById(szDivId));
  }
  else if (document.all) {
    // this is the way old msie versions work
    res = flip(document.all[szDivId]);
  }
  if(elem) {
    if(res == 0) elem.innerHTML = msg1; else elem.innerHTML = msg2;
  }

}

function toggleAllBoxes() {
  if (document.getElementsByTagName) {
    d = document.getElementsByTagName('div');
    for (i = 0; i < d.length; i++) {
      if (d[i].className == 'log') {
        flip(d[i]);
      }
    }
  }
}

// -->
</script>

</head>
<body>
<h2 align='center'>RegressionSuite</h2><table border='1' align="center">
<tr>
<td>Tests passed/Failed/Skipped:</td><td>0/1/0</td>
</tr><tr>
<td>Started on:</td><td>Mon May 08 17:31:45 IST 2023</td>
</tr>
<tr><td>Total time:</td><td>171 seconds (171869 ms)</td>
</tr><tr>
<td>Included groups:</td><td></td>
</tr><tr>
<td>Excluded groups:</td><td></td>
</tr>
</table><p/>
<small><i>(Hover the method name to see the test class name)</i></small><p/>
<table width='100%' border='1' class='invocation-failed'>
<tr><td colspan='4' align='center'><b>FAILED TESTS</b></td></tr>
<tr><td><b>Test method</b></td>
<td width="30%"><b>Exception</b></td>
<td width="10%"><b>Time (seconds)</b></td>
<td><b>Instance</b></td>
</tr>
<tr>
<td title='com.example.TestRunner.TestngTestRunnerTest.runScenario()'><b>runScenario</b><br>Test class: com.example.TestRunner.TestngTestRunnerTest<br>Test method: Runs Cucumber Scenarios<br>Parameters: "Verify Coupon in the cart", "Optional[Verify Add To Cart Flow With Pay On Delivery Option with Nirog Moeny and Coupon verfication in the cart]"</td>
<td><div><pre>java.lang.AssertionError: expected [The applied coupon is only valid for a minimum value of 500 for brand(s) 1Veda.] but found [Coupon Applied]
	at com.example.Utilities.GenericUtils.verifyText(GenericUtils.java:711)
	at com.example.PageObjects.AddToCart.VerifyCouponInvaliMessage(AddToCart.java:480)
	at com.example.StepDefinitions.EcomSteps.user_search_coupon_as_and_click_on_apply_coupon_and_verify_coupon_message_as(EcomSteps.java:194)
	at ?.User search coupon as AUTOMATIONCOUPON and click on apply coupon and verify coupon message as The applied coupon is only valid for a minimum value of 500 for brand(s) 1Veda.(classpath:feature/04Ecom.feature:127)
... Removed 6 stack frames</pre></div><a href='#' onClick='toggleBox("stack-trace2010850076", this, "Click to show all stack frames", "Click to hide stack frames")'>Click to show all stack frames</a>
<div class='stack-trace' id='stack-trace2010850076'><pre>java.lang.AssertionError: expected [The applied coupon is only valid for a minimum value of 500 for brand(s) 1Veda.] but found [Coupon Applied]
	at org.testng.Assert.fail(Assert.java:99)
	at org.testng.Assert.failNotEquals(Assert.java:1037)
	at org.testng.Assert.assertEqualsImpl(Assert.java:140)
	at org.testng.Assert.assertEquals(Assert.java:122)
	at org.testng.Assert.assertEquals(Assert.java:629)
	at org.testng.Assert.assertEquals(Assert.java:639)
	at com.example.Utilities.GenericUtils.verifyText(GenericUtils.java:711)
	at com.example.PageObjects.AddToCart.VerifyCouponInvaliMessage(AddToCart.java:480)
	at com.example.StepDefinitions.EcomSteps.user_search_coupon_as_and_click_on_apply_coupon_and_verify_coupon_message_as(EcomSteps.java:194)
	at ?.User search coupon as AUTOMATIONCOUPON and click on apply coupon and verify coupon message as The applied coupon is only valid for a minimum value of 500 for brand(s) 1Veda.(classpath:feature/04Ecom.feature:127)
</pre></div></td>
<td>169</td>
<td>com.example.TestRunner.TestngTestRunnerTest@909217e</td></tr>
</table><p>
</body>
</html>